# ---------- Read restart ---------------------
read_restart restartfile.${lasttemp}
read_restart restartfile.155
Reading restart file ...
  restart file = 7 Jan 2022, LAMMPS = 7 Jan 2022
  restoring atom style atomic from restart
  orthogonal box = (-1.8768776 -1.8768776 -1.8768776) to (38.596878 38.596878 38.596878)
  2 by 1 by 3 MPI processor grid
  restoring pair style lj/cut from restart
  864 atoms
  read_restart CPU = 0.001 seconds

# ---------- Neighbor lists ---------------------
neighbor 2.0 bin
neigh_modify delay 10 check yes

# ---------- Run Equilibration ---------------------
reset_timestep 0
timestep 0.001
fix 1 all npt temp ${temp} ${temp} 0.1 iso 0.0 0.0 1
fix 1 all npt temp 160 ${temp} 0.1 iso 0.0 0.0 1
fix 1 all npt temp 160 160 0.1 iso 0.0 0.0 1
thermo 50
run 1000
  generated 0 of 0 mixed pair_coeff terms from geometric mixing rule
Neighbor list info ...
  update every 1 steps, delay 10 steps, check yes
  max neighbors/atom: 2000, page size: 100000
  master list distance cutoff = 12
  ghost atom cutoff = 12
  binsize = 6, bins = 7 7 7
  1 neighbor lists, perpetual/occasional/extra = 1 0 0
  (1) pair lj/cut, perpetual
      attributes: half, newton on
      pair build: half/bin/atomonly/newton
      stencil: half/bin/3d
      bin: standard
Per MPI rank memory allocation (min/avg/max) = 3.125 | 3.126 | 3.127 Mbytes
Step Temp E_pair E_mol TotEng Press Volume 
       0    150.50354   -99.982251            0   -83.193354   -85.205713    66301.065 
      50    153.20295   -100.04346            0   -82.953436   -65.745899     66230.76 
     100    159.21895   -100.13363            0   -82.372514   -12.655434    66052.687 
     150    163.02715   -100.16087            0   -81.974942    50.618624    65855.079 
     200     163.3139    -100.1347            0   -81.916789    90.665121    65740.858 
     250    161.71809    -100.0622            0   -82.022306    88.605855    65774.892 
     300    158.88562   -99.890368            0   -82.166438    51.290514    65955.883 
     350    156.06091   -99.627506            0   -82.218676   -1.8558234    66225.118 
     400    155.37648   -99.379593            0   -82.047113   -51.458776    66494.389 
     450    158.55121   -99.146285            0   -81.459658   -71.388152    66680.728 
     500    163.48048   -98.906696            0   -80.670202   -52.511537    66749.616 
     550    163.85561   -98.652842            0   -80.374501    -13.68901    66730.454 
     600    162.26991    -98.50114            0   -80.399688    19.155067    66686.789 
     650    160.45227   -98.419965            0   -80.521273     36.03633    66674.201 
     700    157.27428   -98.183537            0   -80.639354    49.413824    66725.166 
     750    154.10152   -97.796193            0   -80.605936     53.59417     66863.59 
     800     155.2079   -97.481084            0   -80.167409    28.580136    67096.011 
     850    160.54103   -97.277999            0   -79.369406   -16.103281    67382.045 
     900    162.52952   -97.068014            0   -78.937601   -57.464918    67645.766 
     950     160.8381   -96.799307            0   -78.857575   -70.098673     67815.28 
    1000    158.19057   -96.485831            0   -78.839435   -47.335903    67866.559 
Loop time of 0.156128 on 6 procs for 1000 steps with 864 atoms

Performance: 553.392 ns/day, 0.043 hours/ns, 6405.001 timesteps/s
99.9% CPU use with 6 MPI tasks x no OpenMP threads

MPI task timing breakdown:
Section |  min time  |  avg time  |  max time  |%varavg| %total
---------------------------------------------------------------
Pair    | 0.10677    | 0.11251    | 0.11783    |   1.1 | 72.06
Neigh   | 0.0012441  | 0.0012768  | 0.0013111  |   0.1 |  0.82
Comm    | 0.023297   | 0.028484   | 0.033964   |   2.0 | 18.24
Output  | 0.00024553 | 0.00027597 | 0.00041243 |   0.0 |  0.18
Modify  | 0.010829   | 0.011139   | 0.011413   |   0.2 |  7.13
Other   |            | 0.002447   |            |       |  1.57

Nlocal:            144 ave         151 max         138 min
Histogram: 1 1 0 0 1 1 1 0 0 1
Nghost:        1213.33 ave        1218 max        1207 min
Histogram: 1 0 0 0 1 1 1 0 1 1
Neighs:           6345 ave        6620 max        6117 min
Histogram: 2 0 0 0 1 1 0 1 0 1

Total # of neighbors = 38070
Ave neighs/atom = 44.0625
Neighbor list builds = 4
Dangerous builds = 0

# ---------- Run Sampling ---------------------
compute myMSD all msd com yes
compute myVACF all vacf
compute myRDF all rdf 50
fix 2 all ave/time 100 1 100 c_myRDF[*] file rdf.${temp}.out mode vector
fix 2 all ave/time 100 1 100 c_myRDF[*] file rdf.160.out mode vector
thermo_style custom step temp epair etotal press c_myMSD[4] c_myVACF[4]
print "StartSampling"
StartSampling
run 1000
  generated 0 of 0 mixed pair_coeff terms from geometric mixing rule
Neighbor list info ...
  update every 1 steps, delay 10 steps, check yes
  max neighbors/atom: 2000, page size: 100000
  master list distance cutoff = 12
  ghost atom cutoff = 12
  binsize = 6, bins = 7 7 7
  2 neighbor lists, perpetual/occasional/extra = 1 1 0
  (1) pair lj/cut, perpetual
      attributes: half, newton on
      pair build: half/bin/atomonly/newton
      stencil: half/bin/3d
      bin: standard
  (2) compute rdf, occasional, copy from (1)
      attributes: half, newton on
      pair build: copy
      stencil: none
      bin: none
Per MPI rank memory allocation (min/avg/max) = 4.257 | 4.257 | 4.259 Mbytes
Step Temp E_pair TotEng Press c_myMSD[4] c_myVACF[4] 
    1000    158.19057   -96.485831   -78.839435   -47.335903 1.2855511e-29     3.001871 
    1050    157.35153   -96.278347   -78.725547   -11.308925 0.0074508817      2.91521 
    1100    159.02376   -96.194344   -78.455003    21.580019  0.029509326    2.7058975 
    1150     161.4684   -96.056971   -78.044928    50.815493  0.065329135     2.389039 
    1200    163.06662   -95.805147   -77.614821    65.807536    0.1133792    1.9835851 
    1250    163.99888   -95.564774   -77.270452    45.656983   0.17188149    1.5228432 
    1300    164.69143   -95.432032   -77.060454   -8.4806451   0.23933529    1.0524041 
    1350    163.87505   -95.296869    -77.01636   -61.824967   0.31350544   0.61089742 
    1400    158.48506   -95.000006   -77.320759   -77.151507   0.39025082    0.2201977 
    1450     151.3703    -94.61665   -77.731066   -51.274164   0.46504223  -0.11156487 
    1500    150.40184   -94.527818   -77.750266   -22.920934   0.53589785  -0.38663881 
    1550    156.11843    -94.67264   -77.257395    1.6897977   0.60343357   -0.6065784 
    1600    161.87492   -94.712557   -76.655166    36.252602   0.66896864  -0.76596313 
    1650    163.45321   -94.581575   -76.348124      64.6279   0.73259049  -0.86004669 
    1700    162.91665   -94.457269   -76.283671    56.624295   0.79360052   -0.8975735 
    1750    161.82206   -94.432448   -76.380954     6.033163   0.85177772   -0.8910437 
    1800    160.10984   -94.477369   -76.616876    -61.96886     0.906748  -0.85228068 
    1850    157.91864      -94.575   -76.958938   -114.56759   0.95638783  -0.79248726 
    1900    155.64548   -94.759332   -77.396844   -126.17361   0.99787364  -0.72270681 
    1950    153.99516   -95.031163   -77.852771    -83.02131    1.0314368  -0.65453012 
    2000     152.9971   -95.263226   -78.196169    15.589081    1.0618869  -0.59553756 
Loop time of 0.154363 on 6 procs for 1000 steps with 864 atoms

Performance: 559.719 ns/day, 0.043 hours/ns, 6478.230 timesteps/s
99.9% CPU use with 6 MPI tasks x no OpenMP threads

MPI task timing breakdown:
Section |  min time  |  avg time  |  max time  |%varavg| %total
---------------------------------------------------------------
Pair    | 0.10299    | 0.10971    | 0.11377    |   1.0 | 71.07
Neigh   | 0.0011897  | 0.0012693  | 0.0013327  |   0.1 |  0.82
Comm    | 0.023368   | 0.027375   | 0.03404    |   2.1 | 17.73
Output  | 0.00053713 | 0.00095891 | 0.0010457  |   0.0 |  0.62
Modify  | 0.012536   | 0.012653   | 0.013006   |   0.1 |  8.20
Other   |            | 0.002398   |            |       |  1.55

Nlocal:            144 ave         156 max         129 min
Histogram: 1 0 0 0 1 2 0 1 0 1
Nghost:        1213.67 ave        1228 max        1202 min
Histogram: 1 0 1 1 1 0 1 0 0 1
Neighs:        6244.67 ave        6762 max        5525 min
Histogram: 1 0 0 0 1 1 0 2 0 1

Total # of neighbors = 37468
Ave neighs/atom = 43.365741
Neighbor list builds = 4
Dangerous builds = 0
print "EndSampling"
EndSampling
#output a single snapshot at the end of the simulation
dump 1 all cfg 1 dump.${temp}.*.cfg mass type xs ys zs
dump 1 all cfg 1 dump.160.*.cfg mass type xs ys zs
run 0
  generated 0 of 0 mixed pair_coeff terms from geometric mixing rule
Per MPI rank memory allocation (min/avg/max) = 5.513 | 5.513 | 5.515 Mbytes
Step Temp E_pair TotEng Press c_myMSD[4] c_myVACF[4] 
    2000     152.9971   -95.263226   -78.196169    15.589081    1.0618869  -0.59553756 
Loop time of 1.82383e-06 on 6 procs for 0 steps with 864 atoms

109.7% CPU use with 6 MPI tasks x no OpenMP threads

MPI task timing breakdown:
Section |  min time  |  avg time  |  max time  |%varavg| %total
---------------------------------------------------------------
Pair    | 0          | 0          | 0          |   0.0 |  0.00
Neigh   | 0          | 0          | 0          |   0.0 |  0.00
Comm    | 0          | 0          | 0          |   0.0 |  0.00
Output  | 0          | 0          | 0          |   0.0 |  0.00
Modify  | 0          | 0          | 0          |   0.0 |  0.00
Other   |            | 1.824e-06  |            |       |100.00

Nlocal:            144 ave         157 max         133 min
Histogram: 1 1 0 0 1 2 0 0 0 1
Nghost:        1213.67 ave        1224 max        1201 min
Histogram: 1 0 0 0 3 0 0 0 0 2
Neighs:        6296.17 ave        6919 max        5794 min
Histogram: 1 1 0 1 1 0 1 0 0 1

Total # of neighbors = 37777
Ave neighs/atom = 43.72338
Neighbor list builds = 0
Dangerous builds = 0

# ---------- Write restart ---------------------
unfix 1
unfix 2
uncompute myMSD
uncompute myVACF
uncompute myRDF
undump 1
thermo_style one
write_restart restartfile.${temp}
write_restart restartfile.160
System init for write_restart ...
  generated 0 of 0 mixed pair_coeff terms from geometric mixing rule
Neighbor list info ...
  update every 1 steps, delay 10 steps, check yes
  max neighbors/atom: 2000, page size: 100000
  master list distance cutoff = 12
  ghost atom cutoff = 12
  binsize = 6, bins = 7 7 7
  1 neighbor lists, perpetual/occasional/extra = 1 0 0
  (1) pair lj/cut, perpetual
      attributes: half, newton on
      pair build: half/bin/atomonly/newton
      stencil: half/bin/3d
      bin: standard

print "All done!"
All done!
Total wall time: 0:00:00
