# ---------- Read restart ---------------------
read_restart restartfile.${lasttemp}
read_restart restartfile.175
Reading restart file ...
  restart file = 7 Jan 2022, LAMMPS = 7 Jan 2022
  restoring atom style atomic from restart
  orthogonal box = (-2.9507538 -2.9507538 -2.9507538) to (39.670754 39.670754 39.670754)
  1 by 2 by 3 MPI processor grid
  restoring pair style lj/cut from restart
  864 atoms
  read_restart CPU = 0.001 seconds

# ---------- Neighbor lists ---------------------
neighbor 2.0 bin
neigh_modify delay 10 check yes

# ---------- Run Equilibration ---------------------
reset_timestep 0
timestep 0.001
fix 1 all npt temp ${temp} ${temp} 0.1 iso 0.0 0.0 1
fix 1 all npt temp 180 ${temp} 0.1 iso 0.0 0.0 1
fix 1 all npt temp 180 180 0.1 iso 0.0 0.0 1
thermo 50
run 1000
  generated 0 of 0 mixed pair_coeff terms from geometric mixing rule
Neighbor list info ...
  update every 1 steps, delay 10 steps, check yes
  max neighbors/atom: 2000, page size: 100000
  master list distance cutoff = 12
  ghost atom cutoff = 12
  binsize = 6, bins = 8 8 8
  1 neighbor lists, perpetual/occasional/extra = 1 0 0
  (1) pair lj/cut, perpetual
      attributes: half, newton on
      pair build: half/bin/atomonly/newton
      stencil: half/bin/3d
      bin: standard
Per MPI rank memory allocation (min/avg/max) = 3.124 | 3.126 | 3.127 Mbytes
Step Temp E_pair E_mol TotEng Press Volume 
       0    170.70942   -81.887238            0   -62.844346   -73.114932    77425.928 
      50    174.01593   -82.035853            0   -62.624114   -65.552221    77348.784 
     100    179.26058   -82.043996            0   -62.047209   -18.131837    77142.608 
     150    181.88161   -81.818004            0   -61.528837    55.456696    76904.266 
     200    179.85582   -81.372509            0   -61.309321    123.30162    76780.079 
     250    177.56585    -81.00238            0   -61.194642    137.94669    76900.732 
     300    177.15958   -80.792564            0   -61.030146    89.106155    77297.297 
     350    177.68383   -80.561054            0   -60.740155    10.420663    77877.959 
     400    180.28778   -80.471788            0   -60.360414   -77.683422    78475.214 
     450    182.43559   -80.405022            0   -60.054058   -134.27171    78900.967 
     500    181.87702   -80.211802            0   -59.923147   -131.95183     79038.31 
     550    179.65628   -79.960901            0   -59.919972    -78.65943    78898.624 
     600    177.33969   -79.672565            0   -59.890056    5.8080153    78602.945 
     650    177.63666   -79.312977            0    -59.49734    96.330012    78333.606 
     700    182.16546   -79.071175            0   -58.750343    144.34905     78270.67 
     750    186.60761   -79.026559            0   -58.210199    118.97844    78500.635 
     800    187.56687   -79.022908            0   -58.099541    44.193293    78965.256 
     850    184.06612   -78.915747            0   -58.382895   -37.916512    79503.298 
     900    178.19074   -78.760521            0   -58.883076   -98.053108    79935.116 
     950    173.57189   -78.595987            0   -59.233781   -115.65095    80136.112 
    1000    171.61063   -78.382552            0   -59.239127   -83.505604    80083.394 
Loop time of 0.145985 on 6 procs for 1000 steps with 864 atoms

Performance: 591.841 ns/day, 0.041 hours/ns, 6850.012 timesteps/s
99.7% CPU use with 6 MPI tasks x no OpenMP threads

MPI task timing breakdown:
Section |  min time  |  avg time  |  max time  |%varavg| %total
---------------------------------------------------------------
Pair    | 0.087755   | 0.098272   | 0.10817    |   2.0 | 67.32
Neigh   | 0.00094539 | 0.001033   | 0.0011185  |   0.2 |  0.71
Comm    | 0.02314    | 0.032877   | 0.04326    |   3.4 | 22.52
Output  | 0.00023738 | 0.0002615  | 0.00037459 |   0.0 |  0.18
Modify  | 0.010959   | 0.011068   | 0.011274   |   0.1 |  7.58
Other   |            | 0.002473   |            |       |  1.69

Nlocal:            144 ave         152 max         130 min
Histogram: 1 0 0 0 0 1 1 2 0 1
Nghost:         1162.5 ave        1171 max        1155 min
Histogram: 2 1 0 0 0 0 1 0 0 2
Neighs:           5527 ave        6102 max        4872 min
Histogram: 1 0 0 0 1 2 1 0 0 1

Total # of neighbors = 33162
Ave neighs/atom = 38.381944
Neighbor list builds = 4
Dangerous builds = 0

# ---------- Run Sampling ---------------------
compute myMSD all msd com yes
compute myVACF all vacf
compute myRDF all rdf 50
fix 2 all ave/time 100 1 100 c_myRDF[*] file rdf.${temp}.out mode vector
fix 2 all ave/time 100 1 100 c_myRDF[*] file rdf.180.out mode vector
thermo_style custom step temp epair etotal press c_myMSD[4] c_myVACF[4]
print "StartSampling"
StartSampling
run 1000
  generated 0 of 0 mixed pair_coeff terms from geometric mixing rule
Neighbor list info ...
  update every 1 steps, delay 10 steps, check yes
  max neighbors/atom: 2000, page size: 100000
  master list distance cutoff = 12
  ghost atom cutoff = 12
  binsize = 6, bins = 8 8 8
  2 neighbor lists, perpetual/occasional/extra = 1 1 0
  (1) pair lj/cut, perpetual
      attributes: half, newton on
      pair build: half/bin/atomonly/newton
      stencil: half/bin/3d
      bin: standard
  (2) compute rdf, occasional, copy from (1)
      attributes: half, newton on
      pair build: copy
      stencil: none
      bin: none
Per MPI rank memory allocation (min/avg/max) = 4.256 | 4.257 | 4.258 Mbytes
Step Temp E_pair TotEng Press c_myMSD[4] c_myVACF[4] 
    1000    171.61063   -78.382552   -59.239127   -83.505604 1.2811685e-29    3.2565341 
    1050     173.3048   -78.159057   -58.826645   -16.849804 0.0084312593    3.2036692 
    1100    177.30013   -77.929412   -58.151316    56.789788  0.033768536    3.0341213 
    1150    179.43594   -77.757902   -57.741553    99.371554  0.074203022     2.724916 
    1200    180.78466   -77.732285   -57.565484    91.819496   0.12724914    2.3280331 
    1250    181.85491   -77.771872   -57.485683    48.371052   0.19254122    1.9079732 
    1300    181.72225   -77.765334   -57.493943   -3.6197394   0.27035432    1.5046454 
    1350    179.79487   -77.672593   -57.616205   -40.921275   0.35877444    1.1417555 
    1400    176.18953   -77.432416   -57.778208   -47.795879   0.45380437   0.83092166 
    1450    173.11701   -77.127937   -57.816474   -28.541187   0.55190982    0.5736295 
    1500    174.56884   -76.884229   -57.410812    2.0381464   0.65202813    0.3657648 
    1550    181.25404   -76.749479   -56.530318    28.387371   0.75566755   0.19900945 
    1600    184.71017   -76.613315   -56.008617    40.549415   0.86424351  0.064566272 
    1650    183.89354   -76.420698   -55.907096    37.704557   0.97755717 -0.038323437 
    1700    181.44413   -76.246235    -56.00587    17.948199    1.0948505  -0.10973416 
    1750    178.94037   -76.158673   -56.197606   -14.149191    1.2142343  -0.15296675 
    1800    177.02165    -76.11616   -56.369129   -43.799795     1.332169    -0.173851 
    1850    175.83605   -76.089224   -56.474448   -57.530302    1.4447883   -0.1786518 
    1900    176.19387   -76.050798   -56.396107   -48.428575    1.5503577  -0.17336932 
    1950    180.56981     -76.0861   -55.943266   -23.445489    1.6508686  -0.16460307 
    2000    186.49097   -76.118686   -55.315337      11.8894    1.7509689  -0.15618716 
Loop time of 0.140395 on 6 procs for 1000 steps with 864 atoms

Performance: 615.405 ns/day, 0.039 hours/ns, 7122.740 timesteps/s
99.9% CPU use with 6 MPI tasks x no OpenMP threads

MPI task timing breakdown:
Section |  min time  |  avg time  |  max time  |%varavg| %total
---------------------------------------------------------------
Pair    | 0.085505   | 0.09515    | 0.10146    |   1.6 | 67.77
Neigh   | 0.0011842  | 0.001288   | 0.0013388  |   0.2 |  0.92
Comm    | 0.021907   | 0.028157   | 0.037742   |   2.9 | 20.06
Output  | 0.00053783 | 0.00095893 | 0.0010453  |   0.0 |  0.68
Modify  | 0.012242   | 0.012427   | 0.012786   |   0.2 |  8.85
Other   |            | 0.002414   |            |       |  1.72

Nlocal:            144 ave         152 max         133 min
Histogram: 1 0 0 0 1 1 0 2 0 1
Nghost:        1120.67 ave        1129 max        1115 min
Histogram: 2 0 1 0 0 1 0 1 0 1
Neighs:         5350.5 ave        5721 max        4866 min
Histogram: 1 0 1 0 0 1 0 1 1 1

Total # of neighbors = 32103
Ave neighs/atom = 37.15625
Neighbor list builds = 5
Dangerous builds = 0
print "EndSampling"
EndSampling
#output a single snapshot at the end of the simulation
dump 1 all cfg 1 dump.${temp}.*.cfg mass type xs ys zs
dump 1 all cfg 1 dump.180.*.cfg mass type xs ys zs
run 0
  generated 0 of 0 mixed pair_coeff terms from geometric mixing rule
Per MPI rank memory allocation (min/avg/max) = 5.511 | 5.513 | 5.514 Mbytes
Step Temp E_pair TotEng Press c_myMSD[4] c_myVACF[4] 
    2000    186.49097   -76.118686   -55.315337      11.8894    1.7509689  -0.15618716 
Loop time of 1.8465e-06 on 6 procs for 0 steps with 864 atoms

117.3% CPU use with 6 MPI tasks x no OpenMP threads

MPI task timing breakdown:
Section |  min time  |  avg time  |  max time  |%varavg| %total
---------------------------------------------------------------
Pair    | 0          | 0          | 0          |   0.0 |  0.00
Neigh   | 0          | 0          | 0          |   0.0 |  0.00
Comm    | 0          | 0          | 0          |   0.0 |  0.00
Output  | 0          | 0          | 0          |   0.0 |  0.00
Modify  | 0          | 0          | 0          |   0.0 |  0.00
Other   |            | 1.847e-06  |            |       |100.00

Nlocal:            144 ave         152 max         134 min
Histogram: 1 0 0 1 0 1 1 1 0 1
Nghost:           1120 ave        1129 max        1111 min
Histogram: 1 0 1 0 1 1 0 0 1 1
Neighs:           5362 ave        5734 max        4910 min
Histogram: 1 0 1 0 1 0 0 2 0 1

Total # of neighbors = 32172
Ave neighs/atom = 37.236111
Neighbor list builds = 0
Dangerous builds = 0

# ---------- Write restart ---------------------
unfix 1
unfix 2
uncompute myMSD
uncompute myVACF
uncompute myRDF
undump 1
thermo_style one
write_restart restartfile.${temp}
write_restart restartfile.180
System init for write_restart ...
  generated 0 of 0 mixed pair_coeff terms from geometric mixing rule
Neighbor list info ...
  update every 1 steps, delay 10 steps, check yes
  max neighbors/atom: 2000, page size: 100000
  master list distance cutoff = 12
  ghost atom cutoff = 12
  binsize = 6, bins = 8 8 8
  1 neighbor lists, perpetual/occasional/extra = 1 0 0
  (1) pair lj/cut, perpetual
      attributes: half, newton on
      pair build: half/bin/atomonly/newton
      stencil: half/bin/3d
      bin: standard

print "All done!"
All done!
Total wall time: 0:00:00
