# Time-averaged data for fix 2
# TimeStep Number-of-rows
# Row c_myRDF[1] c_myRDF[2] c_myRDF[3]
1000 50
1 0.1 0 0
2 0.3 0 0
3 0.5 0 0
4 0.7 0 0
5 0.9 0 0
6 1.1 0 0
7 1.3 0 0
8 1.5 0 0
9 1.7 0 0
10 1.9 0 0
11 2.1 0 0
12 2.3 0 0
13 2.5 0 0
14 2.7 0 0
15 2.9 0 0
16 3.1 0 0
17 3.3 0 0
18 3.5 0 0
19 3.7 0 0
20 3.9 0.108066 0.0532407
21 4.1 0.918306 0.553241
22 4.3 2.57422 2.09491
23 4.5 3.29285 4.25463
24 4.7 2.88596 6.31944
25 4.9 2.11048 7.96065
26 5.1 1.56352 9.27778
27 5.3 1.12208 10.2986
28 5.5 0.763162 11.0463
29 5.7 0.631357 11.7106
30 5.9 0.513312 12.2894
31 6.1 0.43987 12.8194
32 6.3 0.452005 13.4005
33 6.5 0.529506 14.125
34 6.7 0.563649 14.9444
35 6.9 0.582493 15.8426
36 7.1 0.639468 16.8866
37 7.3 0.748426 18.1782
38 7.5 0.926332 19.8657
39 7.7 1.12115 22.0185
40 7.9 1.419 24.8866
41 8.1 1.49904 28.0718
42 8.3 1.43182 31.2662
43 8.5 1.31874 34.3519
44 8.7 1.27014 37.4653
45 8.9 1.19204 40.5231
46 9.1 1.07462 43.4051
47 9.3 1.01155 46.2384
48 9.5 0.932974 48.9653
49 9.7 0.895658 51.6944
50 9.9 0.878069 54.4815
1100 50
1 0.1 0 0
2 0.3 0 0
3 0.5 0 0
4 0.7 0 0
5 0.9 0 0
6 1.1 0 0
7 1.3 0 0
8 1.5 0 0
9 1.7 0 0
10 1.9 0 0
11 2.1 0 0
12 2.3 0 0
13 2.5 0 0
14 2.7 0 0
15 2.9 0 0
16 3.1 0 0
17 3.3 0 0
18 3.5 0 0
19 3.7 0 0
20 3.9 0.108101 0.0532407
21 4.1 0.952624 0.571759
22 4.3 2.52092 2.08102
23 4.5 3.23037 4.19907
24 4.7 3.04548 6.37731
25 4.9 2.08436 7.99769
26 5.1 1.47881 9.24306
27 5.3 1.09699 10.2407
28 5.5 0.836676 11.0602
29 5.7 0.609555 11.7014
30 5.9 0.548395 12.3194
31 6.1 0.434248 12.8426
32 6.3 0.475569 13.4537
33 6.5 0.502601 14.1412
34 6.7 0.555867 14.9491
35 6.9 0.582681 15.8472
36 7.1 0.618399 16.8565
37 7.3 0.717808 18.0949
38 7.5 0.943155 19.8125
39 7.7 1.14925 22.0185
40 7.9 1.408 24.8634
41 8.1 1.51587 28.0833
42 8.3 1.43851 31.2917
43 8.5 1.34886 34.4468
44 8.7 1.24316 37.4931
45 8.9 1.13646 40.4074
46 9.1 1.10951 43.3819
47 9.3 1.07057 46.3796
48 9.5 0.859595 48.8912
49 9.7 0.899747 51.6319
50 9.9 0.863032 54.3704
1200 50
1 0.1 0 0
2 0.3 0 0
3 0.5 0 0
4 0.7 0 0
5 0.9 0 0
6 1.1 0 0
7 1.3 0 0
8 1.5 0 0
9 1.7 0 0
10 1.9 0 0
11 2.1 0 0
12 2.3 0 0
13 2.5 0 0
14 2.7 0 0
15 2.9 0 0
16 3.1 0 0
17 3.3 0 0
18 3.5 0 0
19 3.7 0 0
20 3.9 0.065934 0.0324074
21 4.1 0.97586 0.5625
22 4.3 2.46791 2.03704
23 4.5 3.18738 4.12269
24 4.7 3.10678 6.34028
25 4.9 2.12737 7.99074
26 5.1 1.56995 9.31019
27 5.3 0.992092 10.2106
28 5.5 0.857316 11.0486
29 5.7 0.617404 11.6968
30 5.9 0.551563 12.3171
31 6.1 0.471708 12.8843
32 6.3 0.463897 13.4792
33 6.5 0.466313 14.1157
34 6.7 0.56976 14.9421
35 6.9 0.562793 15.8079
36 7.1 0.59549 16.7778
37 7.3 0.72195 18.0208
38 7.5 0.975632 19.794
39 7.7 1.14674 21.9907
40 7.9 1.37641 24.7662
41 8.1 1.49383 27.9329
42 8.3 1.44766 31.1551
43 8.5 1.33175 34.2639
44 8.7 1.26934 37.3681
45 8.9 1.15776 40.331
46 9.1 1.123 43.3356
47 9.3 1.04954 46.2685
48 9.5 0.936752 49
49 9.7 0.857404 51.6065
50 9.9 0.835539 54.2523
1300 50
1 0.1 0 0
2 0.3 0 0
3 0.5 0 0
4 0.7 0 0
5 0.9 0 0
6 1.1 0 0
7 1.3 0 0
8 1.5 0 0
9 1.7 0 0
10 1.9 0 0
11 2.1 0 0
12 2.3 0 0
13 2.5 0 0
14 2.7 0 0
15 2.9 0 0
16 3.1 0 0
17 3.3 0 0
18 3.5 0 0
19 3.7 0 0
20 3.9 0.0798308 0.0393519
21 4.1 0.968784 0.56713
22 4.3 2.46463 2.04398
23 4.5 3.29808 4.20833
24 4.7 2.9167 6.2963
25 4.9 2.26996 8.0625
26 5.1 1.51047 9.33565
27 5.3 1.04008 10.2824
28 5.5 0.774545 11.0417
29 5.7 0.639801 11.7153
30 5.9 0.508923 12.2894
31 6.1 0.512577 12.9074
32 6.3 0.426557 13.456
33 6.5 0.508922 14.1528
34 6.7 0.521961 14.912
35 6.9 0.588171 15.8194
36 7.1 0.63061 16.8495
37 7.3 0.730583 18.1111
38 7.5 0.977887 19.8935
39 7.7 1.16149 22.125
40 7.9 1.36441 24.8843
41 8.1 1.48079 28.0324
42 8.3 1.44451 31.2569
43 8.5 1.34372 34.4028
44 8.7 1.22696 37.412
45 8.9 1.20761 40.5116
46 9.1 1.11716 43.5093
47 9.3 1.01759 46.3611
48 9.5 0.951453 49.1435
49 9.7 0.85492 51.75
50 9.9 0.813439 54.3333
1400 50
1 0.1 0 0
2 0.3 0 0
3 0.5 0 0
4 0.7 0 0
5 0.9 0 0
6 1.1 0 0
7 1.3 0 0
8 1.5 0 0
9 1.7 0 0
10 1.9 0 0
11 2.1 0 0
12 2.3 0 0
13 2.5 0 0
14 2.7 0 0
15 2.9 0 0
16 3.1 0 0
17 3.3 0 0
18 3.5 0 0
19 3.7 0 0
20 3.9 0.140368 0.0694444
21 4.1 0.906006 0.564815
22 4.3 2.54424 2.09491
23 4.5 3.2756 4.25231
24 4.7 2.94802 6.37037
25 4.9 2.27064 8.14352
26 5.1 1.4968 9.40972
27 5.3 0.995773 10.3194
28 5.5 0.759977 11.0671
29 5.7 0.639676 11.7431
30 5.9 0.484589 12.2917
31 6.1 0.470552 12.8611
32 6.3 0.480605 13.4815
33 6.5 0.50708 14.1782
34 6.7 0.526414 14.9468
35 6.9 0.608467 15.8889
36 7.1 0.672098 16.9907
37 7.3 0.703897 18.2106
38 7.5 0.930059 19.912
39 7.7 1.16209 22.1528
40 7.9 1.42904 25.0532
41 8.1 1.44505 28.1366
42 8.3 1.43101 31.3426
43 8.5 1.33294 34.4745
44 8.7 1.3034 37.6829
45 8.9 1.16999 40.6968
46 9.1 1.12257 43.7199
47 9.3 1.02132 46.5926
48 9.5 0.904631 49.2477
49 9.7 0.855608 51.8657
50 9.9 0.83083 54.5139
1500 50
1 0.1 0 0
2 0.3 0 0
3 0.5 0 0
4 0.7 0 0
5 0.9 0 0
6 1.1 0 0
7 1.3 0 0
8 1.5 0 0
9 1.7 0 0
10 1.9 0 0
11 2.1 0 0
12 2.3 0 0
13 2.5 0 0
14 2.7 0 0
15 2.9 0 0
16 3.1 0 0
17 3.3 0 0
18 3.5 0 0
19 3.7 0 0
20 3.9 0.0939694 0.0462963
21 4.1 0.965057 0.571759
22 4.3 2.40798 2.01389
23 4.5 3.31398 4.1875
24 4.7 2.97328 6.31481
25 4.9 2.2444 8.06019
26 5.1 1.50579 9.3287
27 5.3 1.08135 10.3125
28 5.5 0.777327 11.0741
29 5.7 0.626948 11.7338
30 5.9 0.470187 12.2639
31 6.1 0.422576 12.7731
32 6.3 0.518628 13.4398
33 6.5 0.514273 14.1435
34 6.7 0.550903 14.9444
35 6.9 0.568973 15.8218
36 7.1 0.681994 16.9352
37 7.3 0.733661 18.2014
38 7.5 0.842454 19.7361
39 7.7 1.22722 22.0926
40 7.9 1.33423 24.7894
41 8.1 1.49248 27.9606
42 8.3 1.41105 31.1088
43 8.5 1.37808 34.3333
44 8.7 1.30506 37.5324
45 8.9 1.18029 40.5602
46 9.1 1.13762 43.6111
47 9.3 0.971038 46.331
48 9.5 0.92504 49.0347
49 9.7 0.870576 51.6875
50 9.9 0.832841 54.331
1600 50
1 0.1 0 0
2 0.3 0 0
3 0.5 0 0
4 0.7 0 0
5 0.9 0 0
6 1.1 0 0
7 1.3 0 0
8 1.5 0 0
9 1.7 0 0
10 1.9 0 0
11 2.1 0 0
12 2.3 0 0
13 2.5 0 0
14 2.7 0 0
15 2.9 0 0
16 3.1 0 0
17 3.3 0 0
18 3.5 0 0
19 3.7 0 0
20 3.9 0.0377489 0.0185185
21 4.1 0.90515 0.509259
22 4.3 2.47653 1.98611
23 4.5 3.27857 4.12731
24 4.7 2.96328 6.23843
25 4.9 2.30185 8.02083
26 5.1 1.52605 9.30093
27 5.3 1.0681 10.2685
28 5.5 0.811506 11.0602
29 5.7 0.636263 11.7269
30 5.9 0.455707 12.2384
31 6.1 0.422459 12.7454
32 6.3 0.508192 13.3958
33 6.5 0.519875 14.1042
34 6.7 0.529279 14.8704
35 6.9 0.562366 15.7338
36 7.1 0.673526 16.8287
37 7.3 0.746235 18.1111
38 7.5 0.863931 19.6782
39 7.7 1.15742 21.8912
40 7.9 1.3457 24.5995
41 8.1 1.50763 27.7894
42 8.3 1.42127 30.9468
43 8.5 1.38399 34.1713
44 8.7 1.27936 37.294
45 8.9 1.23248 40.4421
46 9.1 1.11302 43.4144
47 9.3 0.957772 46.0856
48 9.5 0.948095 48.8449
49 9.7 0.894144 51.5579
50 9.9 0.84227 54.2199
1700 50
1 0.1 0 0
2 0.3 0 0
3 0.5 0 0
4 0.7 0 0
5 0.9 0 0
6 1.1 0 0
7 1.3 0 0
8 1.5 0 0
9 1.7 0 0
10 1.9 0 0
11 2.1 0 0
12 2.3 0 0
13 2.5 0 0
14 2.7 0 0
15 2.9 0 0
16 3.1 0 0
17 3.3 0 0
18 3.5 0 0
19 3.7 0 0
20 3.9 0.0609798 0.0300926
21 4.1 0.971961 0.560185
22 4.3 2.58154 2.1088
23 4.5 3.20988 4.21759
24 4.7 2.88441 6.28472
25 4.9 2.21694 8.01157
26 5.1 1.58288 9.34722
27 5.3 1.05671 10.3102
28 5.5 0.839738 11.1343
29 5.7 0.57321 11.7384
30 5.9 0.477615 12.2778
31 6.1 0.435306 12.8032
32 6.3 0.478224 13.419
33 6.5 0.499917 14.1042
34 6.7 0.562715 14.9236
35 6.9 0.581528 15.8218
36 7.1 0.668134 16.9144
37 7.3 0.772628 18.25
38 7.5 0.881665 19.8588
39 7.7 1.11328 22
40 7.9 1.40979 24.8542
41 8.1 1.44762 27.9352
42 8.3 1.49367 31.2731
43 8.5 1.34322 34.4213
44 8.7 1.28878 37.5856
45 8.9 1.21529 40.7083
46 9.1 1.11421 43.7014
47 9.3 0.967793 46.4167
48 9.5 0.921149 49.1134
49 9.7 0.894174 51.8426
50 9.9 0.843123 54.5231
1800 50
1 0.1 0 0
2 0.3 0 0
3 0.5 0 0
4 0.7 0 0
5 0.9 0 0
6 1.1 0 0
7 1.3 0 0
8 1.5 0 0
9 1.7 0 0
10 1.9 0 0
11 2.1 0 0
12 2.3 0 0
13 2.5 0 0
14 2.7 0 0
15 2.9 0 0
16 3.1 0 0
17 3.3 0 0
18 3.5 0 0
19 3.7 0 0
20 3.9 0.0978613 0.0486111
21 4.1 0.999334 0.597222
22 4.3 2.57614 2.15278
23 4.5 3.30089 4.33565
24 4.7 2.93613 6.4537
25 4.9 2.09615 8.09722
26 5.1 1.48531 9.3588
27 5.3 1.10532 10.3727
28 5.5 0.834243 11.1968
29 5.7 0.552004 11.7824
30 5.9 0.511145 12.3634
31 6.1 0.415311 12.8681
32 6.3 0.434015 13.4306
33 6.5 0.510069 14.1343
34 6.7 0.581142 14.9861
35 6.9 0.586656 15.8981
36 7.1 0.704544 17.0579
37 7.3 0.727663 18.3241
38 7.5 0.907403 19.9907
39 7.7 1.12991 22.1782
40 7.9 1.41192 25.0556
41 8.1 1.48677 28.2407
42 8.3 1.45097 31.5046
43 8.5 1.37761 34.7546
44 8.7 1.29533 37.956
45 8.9 1.20287 41.0671
46 9.1 1.0624 43.9398
47 9.3 0.995066 46.75
48 9.5 0.886057 49.3611
49 9.7 0.864213 52.0162
50 9.9 0.868708 54.7963
1900 50
1 0.1 0 0
2 0.3 0 0
3 0.5 0 0
4 0.7 0 0
5 0.9 0 0
6 1.1 0 0
7 1.3 0 0
8 1.5 0 0
9 1.7 0 0
10 1.9 0 0
11 2.1 0 0
12 2.3 0 0
13 2.5 0 0
14 2.7 0 0
15 2.9 0 0
16 3.1 0 0
17 3.3 0 0
18 3.5 0 0
19 3.7 0 0
20 3.9 0.0889706 0.0439815
21 4.1 0.999943 0.590278
22 4.3 2.54241 2.11806
23 4.5 3.15158 4.19213
24 4.7 2.97617 6.3287
25 4.9 2.13895 7.99769
26 5.1 1.56919 9.32407
27 5.3 1.16646 10.3889
28 5.5 0.819451 11.1944
29 5.7 0.532757 11.7569
30 5.9 0.478837 12.2986
31 6.1 0.447955 12.8403
32 6.3 0.464836 13.4398
33 6.5 0.502426 14.1296
34 6.7 0.555397 14.9398
35 6.9 0.62541 15.9074
36 7.1 0.641546 16.9583
37 7.3 0.735202 18.2315
38 7.5 0.909271 19.8935
39 7.7 1.12337 22.0579
40 7.9 1.33544 24.7662
41 8.1 1.50049 27.9653
42 8.3 1.48075 31.2801
43 8.5 1.38823 34.5394
44 8.7 1.31573 37.7755
45 8.9 1.22758 40.9352
46 9.1 1.06583 43.8032
47 9.3 0.980949 46.5602
48 9.5 0.873779 49.1227
49 9.7 0.853262 51.7315
50 9.9 0.870014 54.5023
2000 50
1 0.1 0 0
2 0.3 0 0
3 0.5 0 0
4 0.7 0 0
5 0.9 0 0
6 1.1 0 0
7 1.3 0 0
8 1.5 0 0
9 1.7 0 0
10 1.9 0 0
11 2.1 0 0
12 2.3 0 0
13 2.5 0 0
14 2.7 0 0
15 2.9 0 0
16 3.1 0 0
17 3.3 0 0
18 3.5 0 0
19 3.7 0.00524088 0.00231481
20 3.9 0.075476 0.0393519
21 4.1 0.8494 0.5
22 4.3 2.42537 1.94676
23 4.5 3.26344 4.0787
24 4.7 2.88771 6.13657
25 4.9 2.31613 7.93056
26 5.1 1.65803 9.32176
27 5.3 1.13932 10.3542
28 5.5 0.804155 11.1389
29 5.7 0.580864 11.7477
30 5.9 0.474128 12.2801
31 6.1 0.447407 12.8171
32 6.3 0.453805 13.3981
33 6.5 0.506137 14.088
34 6.7 0.5579 14.8958
35 6.9 0.566725 15.7662
36 7.1 0.673331 16.8611
37 7.3 0.712354 18.0856
38 7.5 0.885369 19.6921
39 7.7 1.11351 21.8218
40 7.9 1.31541 24.4699
41 8.1 1.47876 27.5995
42 8.3 1.48648 30.9028
43 8.5 1.45212 34.287
44 8.7 1.30364 37.4699
45 8.9 1.21219 40.5671
46 9.1 1.11183 43.537
47 9.3 0.94007 46.1597
48 9.5 0.904882 48.794
49 9.7 0.842022 51.3495
50 9.9 0.867653 54.0926
